==8389== Memcheck, a memory error detector
==8389== Copyright (C) 2002-2015, and GNU GPL'd, by Julian Seward et al.
==8389== Using Valgrind-3.11.0 and LibVEX; rerun with -h for copyright info
==8389== Command: ./main
==8389== Parent PID: 2024
==8389== 
==8389== Invalid read of size 4
==8389==    at 0x80495AB: init_actors (actor.c:20)
==8389==    by 0x804A80B: start_game (game.c:55)
==8389==    by 0x80489AA: main (main.c:10)
==8389==  Address 0x4 is not stack'd, malloc'd or (recently) free'd
==8389== 
==8389== 
==8389== Process terminating with default action of signal 11 (SIGSEGV)
==8389==  Access not within mapped region at address 0x4
==8389==    at 0x80495AB: init_actors (actor.c:20)
==8389==    by 0x804A80B: start_game (game.c:55)
==8389==    by 0x80489AA: main (main.c:10)
==8389==  If you believe this happened as a result of a stack
==8389==  overflow in your program's main thread (unlikely but
==8389==  possible), you can try to increase the size of the
==8389==  main thread stack using the --main-stacksize= flag.
==8389==  The main thread stack size used in this run was 8388608.
==8389== 
==8389== HEAP SUMMARY:
==8389==     in use at exit: 101,299 bytes in 286 blocks
==8389==   total heap usage: 295 allocs, 9 frees, 108,112 bytes allocated
==8389== 
==8389== LEAK SUMMARY:
==8389==    definitely lost: 0 bytes in 0 blocks
==8389==    indirectly lost: 0 bytes in 0 blocks
==8389==      possibly lost: 0 bytes in 0 blocks
==8389==    still reachable: 101,299 bytes in 286 blocks
==8389==         suppressed: 0 bytes in 0 blocks
==8389== Rerun with --leak-check=full to see details of leaked memory
==8389== 
==8389== For counts of detected and suppressed errors, rerun with: -v
==8389== ERROR SUMMARY: 1 errors from 1 contexts (suppressed: 0 from 0)
